<!DOCTYPE html>
<html>
  <head>
    <meta charset="utf-8"/>
    <title>Test Report</title>
    <link href="assets/style.css" rel="stylesheet" type="text/css"/></head>
  <body onLoad="init()">
    <script>/* This Source Code Form is subject to the terms of the Mozilla Public
 * License, v. 2.0. If a copy of the MPL was not distributed with this file,
 * You can obtain one at http://mozilla.org/MPL/2.0/. */


function toArray(iter) {
    if (iter === null) {
        return null;
    }
    return Array.prototype.slice.call(iter);
}

function find(selector, elem) {
    if (!elem) {
        elem = document;
    }
    return elem.querySelector(selector);
}

function find_all(selector, elem) {
    if (!elem) {
        elem = document;
    }
    return toArray(elem.querySelectorAll(selector));
}

function sort_column(elem) {
    toggle_sort_states(elem);
    var colIndex = toArray(elem.parentNode.childNodes).indexOf(elem);
    var key;
    if (elem.classList.contains('numeric')) {
        key = key_num;
    } else if (elem.classList.contains('result')) {
        key = key_result;
    } else {
        key = key_alpha;
    }
    sort_table(elem, key(colIndex));
}

function show_all_extras() {
    find_all('.col-result').forEach(show_extras);
}

function hide_all_extras() {
    find_all('.col-result').forEach(hide_extras);
}

function show_extras(colresult_elem) {
    var extras = colresult_elem.parentNode.nextElementSibling;
    var expandcollapse = colresult_elem.firstElementChild;
    extras.classList.remove("collapsed");
    expandcollapse.classList.remove("expander");
    expandcollapse.classList.add("collapser");
}

function hide_extras(colresult_elem) {
    var extras = colresult_elem.parentNode.nextElementSibling;
    var expandcollapse = colresult_elem.firstElementChild;
    extras.classList.add("collapsed");
    expandcollapse.classList.remove("collapser");
    expandcollapse.classList.add("expander");
}

function show_filters() {
    var filter_items = document.getElementsByClassName('filter');
    for (var i = 0; i < filter_items.length; i++)
        filter_items[i].hidden = false;
}

function add_collapse() {
    // Add links for show/hide all
    var resulttable = find('table#results-table');
    var showhideall = document.createElement("p");
    showhideall.innerHTML = '<a href="javascript:show_all_extras()">Show all details</a> / ' +
                            '<a href="javascript:hide_all_extras()">Hide all details</a>';
    resulttable.parentElement.insertBefore(showhideall, resulttable);

    // Add show/hide link to each result
    find_all('.col-result').forEach(function(elem) {
        var collapsed = get_query_parameter('collapsed') || 'Passed';
        var extras = elem.parentNode.nextElementSibling;
        var expandcollapse = document.createElement("span");
        if (collapsed.includes(elem.innerHTML)) {
            extras.classList.add("collapsed");
            expandcollapse.classList.add("expander");
        } else {
            expandcollapse.classList.add("collapser");
        }
        elem.appendChild(expandcollapse);

        elem.addEventListener("click", function(event) {
            if (event.currentTarget.parentNode.nextElementSibling.classList.contains("collapsed")) {
                show_extras(event.currentTarget);
            } else {
                hide_extras(event.currentTarget);
            }
        });
    })
}

function get_query_parameter(name) {
    var match = RegExp('[?&]' + name + '=([^&]*)').exec(window.location.search);
    return match && decodeURIComponent(match[1].replace(/\+/g, ' '));
}

function init () {
    reset_sort_headers();

    add_collapse();

    show_filters();

    sort_column(find('.initial-sort'));

    find_all('.sortable').forEach(function(elem) {
        elem.addEventListener("click",
                              function(event) {
                                  sort_column(elem);
                              }, false)
    });

};

function sort_table(clicked, key_func) {
    var rows = find_all('.results-table-row');
    var reversed = !clicked.classList.contains('asc');
    var sorted_rows = sort(rows, key_func, reversed);
    /* Whole table is removed here because browsers acts much slower
     * when appending existing elements.
     */
    var thead = document.getElementById("results-table-head");
    document.getElementById('results-table').remove();
    var parent = document.createElement("table");
    parent.id = "results-table";
    parent.appendChild(thead);
    sorted_rows.forEach(function(elem) {
        parent.appendChild(elem);
    });
    document.getElementsByTagName("BODY")[0].appendChild(parent);
}

function sort(items, key_func, reversed) {
    var sort_array = items.map(function(item, i) {
        return [key_func(item), i];
    });

    sort_array.sort(function(a, b) {
        var key_a = a[0];
        var key_b = b[0];

        if (key_a == key_b) return 0;

        if (reversed) {
            return (key_a < key_b ? 1 : -1);
        } else {
            return (key_a > key_b ? 1 : -1);
        }
    });

    return sort_array.map(function(item) {
        var index = item[1];
        return items[index];
    });
}

function key_alpha(col_index) {
    return function(elem) {
        return elem.childNodes[1].childNodes[col_index].firstChild.data.toLowerCase();
    };
}

function key_num(col_index) {
    return function(elem) {
        return parseFloat(elem.childNodes[1].childNodes[col_index].firstChild.data);
    };
}

function key_result(col_index) {
    return function(elem) {
        var strings = ['Error', 'Failed', 'Rerun', 'XFailed', 'XPassed',
                       'Skipped', 'Passed'];
        return strings.indexOf(elem.childNodes[1].childNodes[col_index].firstChild.data);
    };
}

function reset_sort_headers() {
    find_all('.sort-icon').forEach(function(elem) {
        elem.parentNode.removeChild(elem);
    });
    find_all('.sortable').forEach(function(elem) {
        var icon = document.createElement("div");
        icon.className = "sort-icon";
        icon.textContent = "vvv";
        elem.insertBefore(icon, elem.firstChild);
        elem.classList.remove("desc", "active");
        elem.classList.add("asc", "inactive");
    });
}

function toggle_sort_states(elem) {
    //if active, toggle between asc and desc
    if (elem.classList.contains('active')) {
        elem.classList.toggle('asc');
        elem.classList.toggle('desc');
    }

    //if inactive, reset all other functions and add ascending active
    if (elem.classList.contains('inactive')) {
        reset_sort_headers();
        elem.classList.remove('inactive');
        elem.classList.add('active');
    }
}

function is_all_rows_hidden(value) {
  return value.hidden == false;
}

function filter_table(elem) {
    var outcome_att = "data-test-result";
    var outcome = elem.getAttribute(outcome_att);
    class_outcome = outcome + " results-table-row";
    var outcome_rows = document.getElementsByClassName(class_outcome);

    for(var i = 0; i < outcome_rows.length; i++){
        outcome_rows[i].hidden = !elem.checked;
    }

    var rows = find_all('.results-table-row').filter(is_all_rows_hidden);
    var all_rows_hidden = rows.length == 0 ? true : false;
    var not_found_message = document.getElementById("not-found-message");
    not_found_message.hidden = !all_rows_hidden;
}
</script>
    <h1>report.html</h1>
    <p>Report generated on 26-Apr-2022 at 19:08:04 by <a href="https://pypi.python.org/pypi/pytest-html">pytest-html</a> v2.0.1</p>
    <h2>Environment</h2>
    <table id="environment">
      <tr>
        <td>JAVA_HOME</td>
        <td>/Library/Java/JavaVirtualMachines/zulu-11.jdk/Contents/Home</td></tr>
      <tr>
        <td>Packages</td>
        <td>{&apos;pytest&apos;: &apos;7.1.2&apos;, &apos;py&apos;: &apos;1.11.0&apos;, &apos;pluggy&apos;: &apos;1.0.0&apos;}</td></tr>
      <tr>
        <td>Platform</td>
        <td>macOS-12.3.1-arm64-arm-64bit</td></tr>
      <tr>
        <td>Plugins</td>
        <td>{&apos;html&apos;: &apos;2.0.1&apos;, &apos;xdist&apos;: &apos;2.5.0&apos;, &apos;forked&apos;: &apos;1.4.0&apos;, &apos;metadata&apos;: &apos;2.0.1&apos;, &apos;rerunfailures&apos;: &apos;10.2&apos;, &apos;ordering&apos;: &apos;0.6&apos;, &apos;seleniumbase&apos;: &apos;2.5.1&apos;}</td></tr>
      <tr>
        <td>Python</td>
        <td>3.8.9</td></tr></table>
    <h2>Summary</h2>
    <p>7 tests ran in 29.80 seconds. </p>
    <p class="filter" hidden="true">(Un)check the boxes to filter the results.</p><input checked="true" class="filter" data-test-result="passed" hidden="true" name="filter_checkbox" onChange="filter_table(this)" type="checkbox"/><span class="passed">4 passed</span>, <input checked="true" class="filter" data-test-result="skipped" disabled="true" hidden="true" name="filter_checkbox" onChange="filter_table(this)" type="checkbox"/><span class="skipped">0 skipped</span>, <input checked="true" class="filter" data-test-result="failed" hidden="true" name="filter_checkbox" onChange="filter_table(this)" type="checkbox"/><span class="failed">3 failed</span>, <input checked="true" class="filter" data-test-result="error" disabled="true" hidden="true" name="filter_checkbox" onChange="filter_table(this)" type="checkbox"/><span class="error">0 errors</span>, <input checked="true" class="filter" data-test-result="xfailed" disabled="true" hidden="true" name="filter_checkbox" onChange="filter_table(this)" type="checkbox"/><span class="xfailed">0 expected failures</span>, <input checked="true" class="filter" data-test-result="xpassed" disabled="true" hidden="true" name="filter_checkbox" onChange="filter_table(this)" type="checkbox"/><span class="xpassed">0 unexpected passes</span>, <input checked="true" class="filter" data-test-result="rerun" disabled="true" hidden="true" name="filter_checkbox" onChange="filter_table(this)" type="checkbox"/><span class="rerun">0 rerun</span>
    <h2>Results</h2>
    <table id="results-table">
      <thead id="results-table-head">
        <tr>
          <th class="sortable result initial-sort" col="result">Result</th>
          <th class="sortable" col="name">Test</th>
          <th class="sortable numeric" col="duration">Duration</th>
          <th>Links</th></tr>
        <tr hidden="true" id="not-found-message">
          <th colspan="4">No results found. Try to check the filters</th></tr></thead>
      <tbody class="failed results-table-row">
        <tr>
          <td class="col-result">Failed</td>
          <td class="col-name">test_home.py::HomeTest::test_menu_links</td>
          <td class="col-duration">15.28</td>
          <td class="col-links"></td></tr>
        <tr>
          <td class="extra" colspan="4">
            <div class="log">[gw3] darwin -- Python 3.8.9 /Users/janadamhalama/PycharmProjects/seleniumpython/venv/bin/python<br/><br/>self = &lt;tests.test_home.HomeTest testMethod=test_menu_links&gt;<br/><br/>    def setUp(self):<br/>        # at start<br/>        super().setUp()<br/>    <br/>        print(&quot;\nrunning before each&quot;)<br/>    <br/>        # LOGIN<br/>&gt;       HomePage.logIn(self)<br/><br/>test_home.py:15: <br/>_ _ _ _ _ _ _ _ _ _ _ _ _ _ _ _ _ _ _ _ _ _ _ _ _ _ _ _ _ _ _ _ _ _ _ _ _ _ _ _ <br/>../page_objects/home_page.py:30: in logIn<br/>    self.assert_text(&quot;Log out&quot;, &quot;.woocommerce-MyAccount-content&quot;)<br/>../venv/lib/python3.8/site-packages/seleniumbase/fixtures/base_case.py:9602: in assert_text<br/>    self.wait_for_text_visible(text, selector, by=by, timeout=timeout)<br/>../venv/lib/python3.8/site-packages/seleniumbase/fixtures/base_case.py:9528: in wait_for_text_visible<br/>    return page_actions.wait_for_text_visible(<br/>../venv/lib/python3.8/site-packages/seleniumbase/fixtures/page_actions.py:479: in wait_for_text_visible<br/>    timeout_exception(NoSuchElementException, message)<br/>_ _ _ _ _ _ _ _ _ _ _ _ _ _ _ _ _ _ _ _ _ _ _ _ _ _ _ _ _ _ _ _ _ _ _ _ _ _ _ _ <br/><br/>exception = &lt;class &#x27;selenium.common.exceptions.NoSuchElementException&#x27;&gt;<br/>message = &#x27;\n Element {.woocommerce-MyAccount-content} was not present after 6 seconds!&#x27;<br/><br/>    def timeout_exception(exception, message):<br/>        exception, message = s_utils.format_exc(exception, message)<br/>&gt;       raise exception(message)<br/><span class="error">E       selenium.common.exceptions.NoSuchElementException: Message: </span><br/><span class="error">E        Element {.woocommerce-MyAccount-content} was not present after 6 seconds!</span><br/><br/>../venv/lib/python3.8/site-packages/seleniumbase/fixtures/page_actions.py:163: NoSuchElementException<br/> ------------------------------Captured stdout call------------------------------ <br/>
running before each
<br/></div></td></tr></tbody>
      <tbody class="failed results-table-row">
        <tr>
          <td class="col-result">Failed</td>
          <td class="col-name">test_contact.py::ContactTest::test_contact_page</td>
          <td class="col-duration">15.78</td>
          <td class="col-links"><a class="url" href="https://practice.automationbro.com/contact/" target="_blank">URL</a> <a class="image" href="assets/test_contact.py__ContactTest__test_contact_page_1_0.png" target="_blank">Screenshot</a> </td></tr>
        <tr>
          <td class="extra" colspan="4">
            <div class="image"><a href="assets/test_contact.py__ContactTest__test_contact_page_1_0.png"><img src="assets/test_contact.py__ContactTest__test_contact_page_1_0.png"/></a></div>
            <div class="log">[gw1] darwin -- Python 3.8.9 /Users/janadamhalama/PycharmProjects/seleniumpython/venv/bin/python<br/><br/>self = &lt;tests.test_contact.ContactTest testMethod=test_contact_page&gt;<br/><br/>    def test_contact_page(self):<br/>        # open page<br/>        ContactPage.open_contact_page(self)<br/>    <br/>        # scroll to empty form and screenshot<br/>        self.scroll_to(self.form_tag)<br/>        self.save_screenshot(&quot;empty_contact_form&quot;, &quot;custom_screenshots&quot;)<br/>    <br/>        # fill in all the fields<br/>        # name<br/>        self.send_keys(ContactPage.name_input, &quot;Test Name&quot;)<br/>        # email<br/>        self.send_keys(ContactPage.email_input, &quot;test@gmail.com&quot;)<br/>        # phone<br/>        self.send_keys(ContactPage.phone_input, &quot;0123456789&quot;)<br/>        # message<br/>        self.send_keys(ContactPage.message_input, &quot;Some message&quot;)<br/>    <br/>        # filled form and screenshot<br/>        self.scroll_to(self.form_tag)<br/>        self.save_screenshot(&quot;filled_contact_form&quot;, &quot;custom_screenshots&quot;)<br/>    <br/>        # click the submit button<br/>        self.click(ContactPage.submit_button)<br/>    <br/>        # verify submit message<br/>&gt;       self.assert_text(ContactPage.submit_message_text, ContactPage.submit_message_tag)<br/><span class="error">E       AttributeError: type object &#x27;ContactPage&#x27; has no attribute &#x27;submit_message_tag&#x27;</span><br/><br/>test_contact.py:31: AttributeError<br/></div></td></tr></tbody>
      <tbody class="failed results-table-row">
        <tr>
          <td class="col-result">Failed</td>
          <td class="col-name">test_cart.py::CartTest::test_add_to_cart</td>
          <td class="col-duration">22.10</td>
          <td class="col-links"><a class="url" href="https://practice.automationbro.com/cart/" target="_blank">URL</a> <a class="image" href="assets/test_cart.py__CartTest__test_add_to_cart_1_0.png" target="_blank">Screenshot</a> </td></tr>
        <tr>
          <td class="extra" colspan="4">
            <div class="image"><a href="assets/test_cart.py__CartTest__test_add_to_cart_1_0.png"><img src="assets/test_cart.py__CartTest__test_add_to_cart_1_0.png"/></a></div>
            <div class="log">[gw0] darwin -- Python 3.8.9 /Users/janadamhalama/PycharmProjects/seleniumpython/venv/bin/python<br/><br/>self = &lt;tests.test_cart.CartTest testMethod=test_add_to_cart&gt;<br/><br/>    def test_add_to_cart(self):<br/>        pass<br/>        # add item to cart<br/>        self.click(self.converse_add_to_cart_btn)<br/>    <br/>        # assert product is added to cart<br/>        self.assert_text(&quot;1&quot;, self.cart_count_text)<br/>    <br/>        # open cart page<br/>        self.open_cart_page()<br/>    <br/>        # get current subtotal<br/>        original_subtotal = self.get_text(self.subtotal_text)<br/>        print(original_subtotal)<br/>    <br/>        # change cart quantity<br/>        self.set_value(self.product_quantity_input, &#x27;2&#x27;)<br/>        self.send_keys(self.product_quantity_input, Keys.RETURN)<br/>    <br/>    <br/>        # confirm change  with a click<br/>        self.click(self.update_cart_btn)<br/>    <br/>        # wait a few seconds<br/>        # bad practice<br/>        # self.wait(4)<br/>    <br/>        # wait for loading to be completed<br/>&gt;       self.wait_for_element_visible(self.loading_overlay)<br/><br/>test_cart.py:42: <br/>_ _ _ _ _ _ _ _ _ _ _ _ _ _ _ _ _ _ _ _ _ _ _ _ _ _ _ _ _ _ _ _ _ _ _ _ _ _ _ _ <br/>../venv/lib/python3.8/site-packages/seleniumbase/fixtures/base_case.py:6833: in wait_for_element_visible<br/>    return page_actions.wait_for_element_visible(<br/>../venv/lib/python3.8/site-packages/seleniumbase/fixtures/page_actions.py:394: in wait_for_element_visible<br/>    timeout_exception(NoSuchElementException, message)<br/>_ _ _ _ _ _ _ _ _ _ _ _ _ _ _ _ _ _ _ _ _ _ _ _ _ _ _ _ _ _ _ _ _ _ _ _ _ _ _ _ <br/><br/>exception = &lt;class &#x27;selenium.common.exceptions.NoSuchElementException&#x27;&gt;<br/>message = &quot;\n Element {.woocommerce-cart-form div[class*=&#x27;blockOverlay&#x27;]} was not present after 10 seconds!&quot;<br/><br/>    def timeout_exception(exception, message):<br/>        exception, message = s_utils.format_exc(exception, message)<br/>&gt;       raise exception(message)<br/><span class="error">E       selenium.common.exceptions.NoSuchElementException: Message: </span><br/><span class="error">E        Element {.woocommerce-cart-form div[class*=&#x27;blockOverlay&#x27;]} was not present after 10 seconds!</span><br/><br/>../venv/lib/python3.8/site-packages/seleniumbase/fixtures/page_actions.py:163: NoSuchElementException<br/> ------------------------------Captured stdout call------------------------------ <br/>$150.00
<br/></div></td></tr></tbody>
      <tbody class="passed results-table-row">
        <tr>
          <td class="col-result">Passed</td>
          <td class="col-name">test_shop.py::ShopTest::test_search_product</td>
          <td class="col-duration">8.48</td>
          <td class="col-links"></td></tr>
        <tr>
          <td class="extra" colspan="4">
            <div class="empty log">No log output captured.</div></td></tr></tbody>
      <tbody class="passed results-table-row">
        <tr>
          <td class="col-result">Passed</td>
          <td class="col-name">test_home.py::HomeTest::test_home_page</td>
          <td class="col-duration">17.01</td>
          <td class="col-links"></td></tr>
        <tr>
          <td class="extra" colspan="4">
            <div class="log"> ------------------------------Captured stdout call------------------------------ <br/>
running before each
Copyright Â© 2020 Automation Bro
running after each
<br/></div></td></tr></tbody>
      <tbody class="passed results-table-row">
        <tr>
          <td class="col-result">Passed</td>
          <td class="col-name">test_upload.py::UploadTest::test_visible_upload</td>
          <td class="col-duration">4.80</td>
          <td class="col-links"></td></tr>
        <tr>
          <td class="extra" colspan="4">
            <div class="empty log">No log output captured.</div></td></tr></tbody>
      <tbody class="passed results-table-row">
        <tr>
          <td class="col-result">Passed</td>
          <td class="col-name">test_upload.py::UploadTest::test_hidden_upload</td>
          <td class="col-duration">7.08</td>
          <td class="col-links"></td></tr>
        <tr>
          <td class="extra" colspan="4">
            <div class="empty log">No log output captured.</div></td></tr></tbody></table></body></html>